<?xml version="1.0" encoding="UTF-8"?>
<!-- Generated by org.testng.reporters.JUnitReportReporter -->
<testsuite hostname="LAPTOP-3CO8GEL8" failures="0" tests="1" name="basic.StartTestNG" time="21.558" errors="0" timestamp="2024-07-07T11:40:12 IST" skipped="0">
  <testcase classname="basic.StartTestNG" name="launch" time="21.558"/>
</testsuite> <!-- basic.StartTestNG -->
