<?xml version="1.0" encoding="UTF-8"?>
<!-- Generated by org.testng.reporters.JUnitReportReporter -->
<testsuite hostname="LAPTOP-3CO8GEL8" failures="0" tests="1" name="configurationAnnotation.DWSclickAll" time="8.785" errors="0" timestamp="2024-07-13T11:39:27 IST" skipped="0">
  <testcase classname="configurationAnnotation.DWSclickAll" name="elementtoClick" time="8.785"/>
</testsuite> <!-- configurationAnnotation.DWSclickAll -->
