<?xml version="1.0" encoding="UTF-8"?>
<!-- Generated by org.testng.reporters.JUnitReportReporter -->
<testsuite hostname="LAPTOP-3CO8GEL8" failures="0" tests="1" name="configurationAnnotation.ChronologicalAnnotation" time="0.015" errors="0" timestamp="2024-07-12T10:48:25 IST" skipped="0">
  <testcase classname="configurationAnnotation.ChronologicalAnnotation" name="testcase" time="0.015"/>
</testsuite> <!-- configurationAnnotation.ChronologicalAnnotation -->
