<?xml version="1.0" encoding="UTF-8"?>
<!-- Generated by org.testng.reporters.JUnitReportReporter -->
<testsuite hostname="LAPTOP-3CO8GEL8" failures="0" tests="1" name="testNG2.Shoe5" time="34.823" errors="0" timestamp="2024-07-10T11:14:20 IST" skipped="0">
  <testcase classname="testNG2.Shoe5" name="getSkechers" time="34.823"/>
</testsuite> <!-- testNG2.Shoe5 -->
