<?xml version="1.0" encoding="UTF-8"?>
<!-- Generated by org.testng.reporters.JUnitReportReporter -->
<testsuite hostname="LAPTOP-3CO8GEL8" failures="0" tests="1" name="testNG1.Bike5" time="23.459" errors="0" timestamp="2024-07-11T12:44:30 IST" skipped="0">
  <testcase classname="testNG1.Bike5" name="getBMW" time="23.459"/>
</testsuite> <!-- testNG1.Bike5 -->
