<?xml version="1.0" encoding="UTF-8"?>
<!-- Generated by org.testng.reporters.JUnitReportReporter -->
<testsuite hostname="LAPTOP-3CO8GEL8" failures="0" tests="1" name="pageObjectModel.DWS_Register" time="17.266" errors="0" timestamp="2024-07-18T00:20:42 IST" skipped="0">
  <testcase classname="pageObjectModel.DWS_Register" name="main" time="17.266"/>
</testsuite> <!-- pageObjectModel.DWS_Register -->
