<?xml version="1.0" encoding="UTF-8"?>
<!-- Generated by org.testng.reporters.JUnitReportReporter -->
<testsuite hostname="LAPTOP-3CO8GEL8" failures="0" tests="2" name="dataProvider.StoreData2Dimensional" time="0.018" errors="0" timestamp="2024-07-15T10:56:35 IST" skipped="0">
  <testcase classname="dataProvider.StoreData2Dimensional" name="receiver" time="0.015"/>
  <testcase classname="dataProvider.StoreData2Dimensional" name="receiver" time="0.003"/>
</testsuite> <!-- dataProvider.StoreData2Dimensional -->
