<?xml version="1.0" encoding="UTF-8"?>
<!-- Generated by org.testng.reporters.JUnitReportReporter -->
<testsuite hostname="LAPTOP-3CO8GEL8" failures="0" tests="2" name="dataProvider.ShopperStackLogin" time="40.369" errors="0" timestamp="2024-07-16T11:18:03 IST" skipped="0">
  <testcase classname="dataProvider.ShopperStackLogin" name="receiver" time="20.804"/>
  <testcase classname="dataProvider.ShopperStackLogin" name="receiver" time="19.565"/>
</testsuite> <!-- dataProvider.ShopperStackLogin -->
