<?xml version="1.0" encoding="UTF-8"?>
<!-- Generated by org.testng.reporters.JUnitReportReporter -->
<testsuite hostname="LAPTOP-3CO8GEL8" failures="0" tests="1" name="testNG1.Bike1" time="7.638" errors="0" timestamp="2024-07-10T11:14:20 IST" skipped="0">
  <testcase classname="testNG1.Bike1" name="getHunter" time="7.638"/>
</testsuite> <!-- testNG1.Bike1 -->
