<?xml version="1.0" encoding="UTF-8"?>
<!-- Generated by org.testng.reporters.JUnitReportReporter -->
<testsuite hostname="LAPTOP-3CO8GEL8" failures="0" tests="1" name="testNG1.Bike2" time="39.743" errors="0" timestamp="2024-07-10T11:14:20 IST" skipped="0">
  <testcase classname="testNG1.Bike2" name="getMeteor" time="39.743"/>
</testsuite> <!-- testNG1.Bike2 -->
