<?xml version="1.0" encoding="UTF-8"?>
<!-- Generated by org.testng.reporters.JUnitReportReporter -->
<testsuite hostname="LAPTOP-3CO8GEL8" failures="0" tests="2" name="testNG.MethodExecute" time="0.024" errors="0" timestamp="2024-07-08T11:51:03 IST" skipped="0">
  <testcase classname="testNG.MethodExecute" name="m" time="0.019"/>
  <testcase classname="testNG.MethodExecute" name="main" time="0.005"/>
</testsuite> <!-- testNG.MethodExecute -->
