<?xml version="1.0" encoding="UTF-8"?>
<!-- Generated by org.testng.reporters.JUnitReportReporter -->
<testsuite hostname="LAPTOP-3CO8GEL8" failures="0" tests="1" name="extentReports.SampleReport" time="1.272" errors="0" timestamp="2024-07-29T10:52:22 IST" skipped="0">
  <testcase classname="extentReports.SampleReport" name="BasicReport" time="1.272"/>
</testsuite> <!-- extentReports.SampleReport -->
