<?xml version="1.0" encoding="UTF-8"?>
<!-- Generated by org.testng.reporters.JUnitReportReporter -->
<testsuite hostname="LAPTOP-3CO8GEL8" failures="0" tests="1" name="pageObjectModel.DWS_Home" time="33.129" errors="0" timestamp="2024-07-18T00:23:05 IST" skipped="0">
  <testcase classname="pageObjectModel.DWS_Home" name="main" time="33.129"/>
</testsuite> <!-- pageObjectModel.DWS_Home -->
