<?xml version="1.0" encoding="UTF-8"?>
<!-- Generated by org.testng.reporters.JUnitReportReporter -->
<testsuite hostname="LAPTOP-3CO8GEL8" failures="0" tests="1" name="pageObjectModel.Dws" time="24.203" errors="0" timestamp="2024-07-17T12:10:33 IST" skipped="0">
  <testcase classname="pageObjectModel.Dws" name="main" time="24.203"/>
</testsuite> <!-- pageObjectModel.Dws -->
