<?xml version="1.0" encoding="UTF-8"?>
<!-- Generated by org.testng.reporters.JUnitReportReporter -->
<testsuite hostname="LAPTOP-3CO8GEL8" failures="0" tests="2" name="dataProvider.UsingDataTestScript" time="21.525" errors="0" timestamp="2024-07-15T11:30:40 IST" skipped="0">
  <testcase classname="dataProvider.UsingDataTestScript" name="receiver" time="11.493"/>
  <testcase classname="dataProvider.UsingDataTestScript" name="receiver" time="10.032"/>
</testsuite> <!-- dataProvider.UsingDataTestScript -->
