<?xml version="1.0" encoding="UTF-8"?>
<!-- Generated by org.testng.reporters.JUnitReportReporter -->
<testsuite hostname="LAPTOP-3CO8GEL8" failures="0" tests="1" name="pageObjectModel.DWS_DigitalDownloads" time="34.081" errors="0" timestamp="2024-07-18T00:08:00 IST" skipped="0">
  <testcase classname="pageObjectModel.DWS_DigitalDownloads" name="main" time="34.081"/>
</testsuite> <!-- pageObjectModel.DWS_DigitalDownloads -->
